<?xml version="1.0" encoding="UTF-8"?>
<!-- Generated by org.testng.reporters.JUnitReportReporter -->
<testsuite hostname="TYSS-Yogita" failures="0" tests="1" name="com.demowebshop.testscripts.AddToCartTest" time="25.789" errors="0" timestamp="2024-02-21T15:55:34 IST" skipped="0">
  <testcase classname="com.demowebshop.testscripts.AddToCartTest" name="TC_ShoppingCart_001" time="25.789">
    <system-out>
      <![CDATA[User not logged in]]>
    </system-out>
  </testcase> <!-- TC_ShoppingCart_001 -->
  <system-out>
    <![CDATA[User not logged in]]>
  </system-out>
</testsuite> <!-- com.demowebshop.testscripts.AddToCartTest -->
