<?xml version="1.0" encoding="UTF-8"?>
<!-- Generated by org.testng.reporters.JUnitReportReporter -->
<testsuite hostname="TYSS-Yogita" failures="0" tests="4" name="com.demowebshop.testscripts.LoginTest" time="26.249" errors="0" timestamp="2024-02-20T15:24:54 IST" skipped="0">
  <testcase classname="com.demowebshop.testscripts.LoginTest" name="tC_Login_001" time="8.432"/>
  <testcase classname="com.demowebshop.testscripts.LoginTest" name="tC_Login_001" time="5.392"/>
  <testcase classname="com.demowebshop.testscripts.LoginTest" name="tC_Login_001" time="5.541"/>
  <testcase classname="com.demowebshop.testscripts.LoginTest" name="tC_Login_001" time="6.884"/>
</testsuite> <!-- com.demowebshop.testscripts.LoginTest -->
