<?xml version="1.0" encoding="UTF-8"?>
<!-- Generated by org.testng.reporters.JUnitReportReporter -->
<testsuite hostname="TYSS-Yogita" failures="0" tests="2" name="com.demowebshop.testscripts.RegisterTest" time="51.237" errors="0" timestamp="2024-02-21T14:58:54 IST" skipped="0">
  <testcase classname="com.demowebshop.testscripts.RegisterTest" name="TC_Register_001" time="25.923">
    <system-out>
      <![CDATA[User not registered]]>
    </system-out>
  </testcase> <!-- TC_Register_001 -->
  <testcase classname="com.demowebshop.testscripts.RegisterTest" name="TC_Register_001" time="25.314">
    <system-out>
      <![CDATA[User not registered]]>
    </system-out>
  </testcase> <!-- TC_Register_001 -->
  <system-out>
    <![CDATA[User not registered
User not registered]]>
  </system-out>
</testsuite> <!-- com.demowebshop.testscripts.RegisterTest -->
