<?xml version="1.0" encoding="UTF-8"?>
<!-- Generated by org.testng.reporters.JUnitReportReporter -->
<testsuite hostname="TYSS-Yogita" failures="0" tests="4" name="com.demowebshop.testscripts.LoginTest" time="22.277" errors="0" timestamp="2024-02-21T14:58:54 IST" skipped="0">
  <testcase classname="com.demowebshop.testscripts.LoginTest" name="tC_Login_001" time="5.764"/>
  <testcase classname="com.demowebshop.testscripts.LoginTest" name="tC_Login_001" time="5.101"/>
  <testcase classname="com.demowebshop.testscripts.LoginTest" name="tC_Login_001" time="5.398"/>
  <testcase classname="com.demowebshop.testscripts.LoginTest" name="tC_Login_001" time="6.014"/>
  <system-out>
    <![CDATA[User not registered
User not registered]]>
  </system-out>
</testsuite> <!-- com.demowebshop.testscripts.LoginTest -->
